#
# A fatal error has been detected by the Java Runtime Environment:
#
#  EXCEPTION_ACCESS_VIOLATION (0xc0000005) at pc=0x0000000065228b35, pid=3664, tid=13996
#
# JRE version: Java(TM) SE Runtime Environment (8.0_66-b18) (build 1.8.0_66-b18)
# Java VM: Java HotSpot(TM) 64-Bit Server VM (25.66-b18 mixed mode windows-amd64 compressed oops)
# Problematic frame:
# V  [jvm.dll+0x128b35]
#
# Failed to write core dump. Minidumps are not enabled by default on client versions of Windows
#
# If you would like to submit a bug report, please visit:
#   http://bugreport.java.com/bugreport/crash.jsp
#

---------------  T H R E A D  ---------------

Current thread (0x000000001c3d5800):  JavaThread "JDWP Transport Listener: dt_socket" daemon [_thread_in_vm, id=13996, stack(0x000000001c9a0000,0x000000001caa0000)]

siginfo: ExceptionCode=0xc0000005, reading address 0x0000000000730073

Registers:
RAX=0x000000001ca9f101, RBX=0x000000001c3d5800, RCX=0x0000000000730073, RDX=0x0000000000000000
RSP=0x000000001ca9f160, RBP=0x0000000000730073, RSI=0x000000001ca9f278, RDI=0x0000000005228bb0
R8 =0x000000001c3d5800, R9 =0x0000000000008000, R10=0x000000001c52ee30, R11=0x000000001daa67ba
R12=0x0000000000000000, R13=0x000000001c3d65b8, R14=0x0000000000000000, R15=0x0000000000000000
RIP=0x0000000065228b35, EFLAGS=0x0000000000010202

Top of Stack: (sp=0x000000001ca9f160)
0x000000001ca9f160:   000000001c3d5800 000000001c3d5800
0x000000001ca9f170:   000000001ca9f228 000000006542e2eb
0x000000001ca9f180:   000000001c3d5800 000000006544ab4d
0x000000001ca9f190:   0000000000000000 0000000065099155
0x000000001ca9f1a0:   000000001c493c48 00000000650a291e
0x000000001ca9f1b0:   000000001c3d5800 0000000000000000
0x000000001ca9f1c0:   0000000000000000 0000000000000000
0x000000001ca9f1d0:   0000000000730073 00000000650a1a15
0x000000001ca9f1e0:   000000001ca9f278 000000001ca9f250
0x000000001ca9f1f0:   0000000000000001 000000001c493c48
0x000000001ca9f200:   0000000000730073 00000000650853b3
0x000000001ca9f210:   000000001ca9f340 0000000000000001
0x000000001ca9f220:   0000000000000001 000000001c493c48
0x000000001ca9f230:   0000000000000008 0000000000000000
0x000000001ca9f240:   0000000000000000 0000000000000000
0x000000001ca9f250:   0000000000000001 0000000065085571 

Instructions: (pc=0x0000000065228b35)
0x0000000065228b15:   cc cc cc cc cc cc cc cc cc cc cc 48 83 ec 28 48
0x0000000065228b25:   85 c9 75 07 33 c0 48 83 c4 28 c3 48 89 5c 24 20
0x0000000065228b35:   48 8b 19 48 85 db 74 20 48 83 fb 37 74 1a 48 8b
0x0000000065228b45:   13 48 8b cb ff 52 10 84 c0 74 0d 48 8b c3 48 8b 


Register to memory mapping:

RAX=0x000000001ca9f101 is pointing into the stack for thread: 0x000000001c3d5800
RBX=0x000000001c3d5800 is a thread
RCX=0x0000000000730073 is an unknown value
RDX=0x0000000000000000 is an unknown value
RSP=0x000000001ca9f160 is pointing into the stack for thread: 0x000000001c3d5800
RBP=0x0000000000730073 is an unknown value
RSI=0x000000001ca9f278 is pointing into the stack for thread: 0x000000001c3d5800
RDI=0x0000000005228bb0 is an unknown value
R8 =0x000000001c3d5800 is a thread
R9 =0x0000000000008000 is an unknown value
R10=0x000000001c52ee30 is an unknown value
R11=0x000000001daa67ba is an unknown value
R12=0x0000000000000000 is an unknown value
R13=0x000000001c3d65b8 is an unknown value
R14=0x0000000000000000 is an unknown value
R15=0x0000000000000000 is an unknown value


Stack: [0x000000001c9a0000,0x000000001caa0000],  sp=0x000000001ca9f160,  free space=1020k
Native frames: (J=compiled Java code, j=interpreted, Vv=VM code, C=native code)
V  [jvm.dll+0x128b35]
V  [jvm.dll+0x34ab4d]
C  [jdwp.dll+0x21a15]
C  [jdwp.dll+0x53b3]
C  [jdwp.dll+0x5571]
C  [jdwp.dll+0xf0a8]
C  [jdwp.dll+0x1f2d5]
C  [jdwp.dll+0x1f4aa]
V  [jvm.dll+0x1bba28]
V  [jvm.dll+0x243274]
V  [jvm.dll+0x29a0fa]
C  [msvcr100.dll+0x21d9f]
C  [msvcr100.dll+0x21e3b]
C  [KERNEL32.DLL+0x11fe4]
C  [ntdll.dll+0x6ef91]


---------------  P R O C E S S  ---------------

Java Threads: ( => current thread )
  0x000000001c48b800 JavaThread "Service Thread" daemon [_thread_blocked, id=6164, stack(0x000000001d0a0000,0x000000001d1a0000)]
  0x000000001c404000 JavaThread "C1 CompilerThread3" daemon [_thread_blocked, id=15492, stack(0x000000001cfa0000,0x000000001d0a0000)]
  0x000000001c403000 JavaThread "C2 CompilerThread2" daemon [_thread_blocked, id=12936, stack(0x000000001cea0000,0x000000001cfa0000)]
  0x000000001c3f1000 JavaThread "C2 CompilerThread1" daemon [_thread_blocked, id=2192, stack(0x000000001cda0000,0x000000001cea0000)]
  0x000000001c3fe800 JavaThread "C2 CompilerThread0" daemon [_thread_blocked, id=16360, stack(0x000000001cca0000,0x000000001cda0000)]
  0x000000001c3e4000 JavaThread "JDWP Command Reader" daemon [_thread_in_native, id=8772, stack(0x000000001cba0000,0x000000001cca0000)]
  0x000000001c3e3000 JavaThread "JDWP Event Helper Thread" daemon [_thread_blocked, id=6264, stack(0x000000001caa0000,0x000000001cba0000)]
=>0x000000001c3d5800 JavaThread "JDWP Transport Listener: dt_socket" daemon [_thread_in_vm, id=13996, stack(0x000000001c9a0000,0x000000001caa0000)]
  0x000000001c3ca800 JavaThread "Attach Listener" daemon [_thread_blocked, id=2640, stack(0x000000001c8a0000,0x000000001c9a0000)]
  0x000000001c3c9800 JavaThread "Signal Dispatcher" daemon [_thread_blocked, id=13284, stack(0x000000001c7a0000,0x000000001c8a0000)]
  0x000000000532b000 JavaThread "Finalizer" daemon [_thread_blocked, id=13024, stack(0x000000001c1a0000,0x000000001c2a0000)]
  0x000000001a2ad800 JavaThread "Reference Handler" daemon [_thread_blocked, id=6236, stack(0x000000001c0a0000,0x000000001c1a0000)]
  0x0000000005232800 JavaThread "main" [_thread_blocked, id=16112, stack(0x0000000005050000,0x0000000005150000)]

Other Threads:
  0x000000001a2a9000 VMThread [stack: 0x000000001bfa0000,0x000000001c0a0000] [id=3776]
  0x000000001c497000 WatcherThread [stack: 0x000000001d1a0000,0x000000001d2a0000] [id=4488]

VM state:not at safepoint (normal execution)

VM Mutex/Monitor currently owned by a thread: None

Heap:
 PSYoungGen      total 38400K, used 27086K [0x00000000d5f00000, 0x00000000daa00000, 0x0000000100000000)
  eden space 33280K, 66% used [0x00000000d5f00000,0x00000000d7475c90,0x00000000d7f80000)
  from space 5120K, 99% used [0x00000000d7f80000,0x00000000d847dba8,0x00000000d8480000)
  to   space 5120K, 0% used [0x00000000da500000,0x00000000da500000,0x00000000daa00000)
 ParOldGen       total 87552K, used 6732K [0x0000000081c00000, 0x0000000087180000, 0x00000000d5f00000)
  object space 87552K, 7% used [0x0000000081c00000,0x0000000082293010,0x0000000087180000)
 Metaspace       used 8854K, capacity 9062K, committed 9216K, reserved 1056768K
  class space    used 926K, capacity 1001K, committed 1024K, reserved 1048576K

Card table byte_map: [0x00000000146f0000,0x0000000014af0000] byte_map_base: 0x00000000142e2000

Marking Bits: (ParMarkBitMap*) 0x000000006590a5b0
 Begin Bits: [0x00000000155a0000, 0x0000000017530000)
 End Bits:   [0x0000000017530000, 0x00000000194c0000)

Polling page: 0x0000000003760000

CodeCache: size=245760Kb used=3091Kb max_used=3096Kb free=242668Kb
 bounds [0x0000000005330000, 0x0000000005640000, 0x0000000014330000]
 total_blobs=1088 nmethods=750 adapters=259
 compilation: enabled

Compilation events (10 events):
Event: 0.715 Thread 0x000000001c404000 nmethod 746 0x0000000005630390 code [0x0000000005630500, 0x0000000005630790]
Event: 0.715 Thread 0x000000001c404000  747       3       java.lang.Double::<init> (10 bytes)
Event: 0.715 Thread 0x000000001c404000 nmethod 747 0x0000000005628e50 code [0x0000000005628fc0, 0x00000000056291d0]
Event: 0.715 Thread 0x000000001c403000 nmethod 744 0x00000000056288d0 code [0x0000000005628a20, 0x0000000005628cf8]
Event: 87.066 Thread 0x000000001c404000  748       3       sun.misc.FDBigInteger::mult (64 bytes)
Event: 87.067 Thread 0x000000001c404000 nmethod 748 0x0000000005627dd0 code [0x0000000005627f40, 0x00000000056281d0]
Event: 87.067 Thread 0x000000001c404000  749       3       sun.misc.FDBigInteger::<init> (30 bytes)
Event: 87.067 Thread 0x000000001c404000 nmethod 749 0x0000000005638710 code [0x0000000005638880, 0x0000000005638aa8]
Event: 87.067 Thread 0x000000001c404000  750       3       sun.misc.FDBigInteger::trimLeadingZeros (57 bytes)
Event: 87.067 Thread 0x000000001c404000 nmethod 750 0x0000000005638150 code [0x00000000056382c0, 0x00000000056385f0]

GC Heap History (2 events):
Event: 0.682 GC heap before
{Heap before GC invocations=1 (full 0):
 PSYoungGen      total 38400K, used 33280K [0x00000000d5f00000, 0x00000000d8980000, 0x0000000100000000)
  eden space 33280K, 100% used [0x00000000d5f00000,0x00000000d7f80000,0x00000000d7f80000)
  from space 5120K, 0% used [0x00000000d8480000,0x00000000d8480000,0x00000000d8980000)
  to   space 5120K, 0% used [0x00000000d7f80000,0x00000000d7f80000,0x00000000d8480000)
 ParOldGen       total 87552K, used 0K [0x0000000081c00000, 0x0000000087180000, 0x00000000d5f00000)
  object space 87552K, 0% used [0x0000000081c00000,0x0000000081c00000,0x0000000087180000)
 Metaspace       used 7906K, capacity 8102K, committed 8192K, reserved 1056768K
  class space    used 912K, capacity 1001K, committed 1024K, reserved 1048576K
Event: 0.695 GC heap after
Heap after GC invocations=1 (full 0):
 PSYoungGen      total 38400K, used 5110K [0x00000000d5f00000, 0x00000000daa00000, 0x0000000100000000)
  eden space 33280K, 0% used [0x00000000d5f00000,0x00000000d5f00000,0x00000000d7f80000)
  from space 5120K, 99% used [0x00000000d7f80000,0x00000000d847dba8,0x00000000d8480000)
  to   space 5120K, 0% used [0x00000000da500000,0x00000000da500000,0x00000000daa00000)
 ParOldGen       total 87552K, used 6732K [0x0000000081c00000, 0x0000000087180000, 0x00000000d5f00000)
  object space 87552K, 7% used [0x0000000081c00000,0x0000000082293010,0x0000000087180000)
 Metaspace       used 7906K, capacity 8102K, committed 8192K, reserved 1056768K
  class space    used 912K, capacity 1001K, committed 1024K, reserved 1048576K
}

Deoptimization events (8 events):
Event: 0.212 Thread 0x0000000005232800 Uncommon trap: reason=unstable_if action=reinterpret pc=0x000000000548146c method=java.io.BufferedReader.readLine(Z)Ljava/lang/String; @ 55
Event: 0.212 Thread 0x0000000005232800 Uncommon trap: reason=unstable_if action=reinterpret pc=0x000000000548aa60 method=java.util.HashMap.putVal(ILjava/lang/Object;Ljava/lang/Object;ZZ)Ljava/lang/Object; @ 81
Event: 0.212 Thread 0x0000000005232800 Uncommon trap: reason=unstable_if action=reinterpret pc=0x000000000547ac84 method=java.util.HashMap.putVal(ILjava/lang/Object;Ljava/lang/Object;ZZ)Ljava/lang/Object; @ 81
Event: 0.214 Thread 0x0000000005232800 Uncommon trap: reason=unstable_if action=reinterpret pc=0x000000000548891c method=java.util.ArrayList.ensureCapacityInternal(I)V @ 7
Event: 0.224 Thread 0x0000000005232800 Uncommon trap: reason=unstable_if action=reinterpret pc=0x000000000548330c method=java.lang.String.substring(II)Ljava/lang/String; @ 49
Event: 0.358 Thread 0x0000000005232800 Uncommon trap: reason=unstable_if action=reinterpret pc=0x000000000547c1a8 method=java.io.BufferedReader.readLine(Z)Ljava/lang/String; @ 160
Event: 0.673 Thread 0x0000000005232800 Uncommon trap: reason=unstable_if action=reinterpret pc=0x000000000552d640 method=java.lang.CharacterData.of(I)Ljava/lang/CharacterData; @ 4
Event: 0.703 Thread 0x0000000005232800 Uncommon trap: reason=unstable_if action=reinterpret pc=0x0000000005622944 method=java.lang.String.contains(Ljava/lang/CharSequence;)Z @ 11

Internal exceptions (10 events):
Event: 0.039 Thread 0x0000000005232800 Exception <a 'java/lang/NoSuchMethodError': Method sun.misc.Unsafe.defineClass(Ljava/lang/String;[BII)Ljava/lang/Class; name or signature does not match> (0x00000000d5f13068) thrown at [C:\re\workspace\8-2-build-windows-amd64-cygwin\jdk8u66\5298\hotspot\srw8öÕù£?
Event: 0.039 Thread 0x0000000005232800 Exception <a 'java/lang/NoSuchMethodError': Method sun.misc.Unsafe.prefetchRead(Ljava/lang/Object;J)V name or signature does not match> (0x00000000d5f13350) thrown at [C:\re\workspace\8-2-build-windows-amd64-cygwin\jdk8u66\5298\hotspot\src\share\vm\prims\jG)rÂÑ?
Event: 0.277 Thread 0x0000000005232800 Exception <a 'java/lang/NoSuchFieldError': method resolution failed> (0x00000000d6c55688) thrown at [C:\re\workspace\8-2-build-windows-amd64-cygwin\jdk8u66\5298\hotspot\src\share\vm\prims\methodHandles.cpp, line 1146]
Event: 0.279 Thread 0x0000000005232800 Exception <a 'java/lang/NoSuchFieldError': method resolution failed> (0x00000000d6c62a28) thrown at [C:\re\workspace\8-2-build-windows-amd64-cygwin\jdk8u66\5298\hotspot\src\share\vm\prims\methodHandles.cpp, line 1146]
Event: 0.299 Thread 0x0000000005232800 Exception <a 'java/lang/NoSuchMethodError': sun.misc.Unsafe.invokeCleaner(Ljava/nio/ByteBuffer;)V> (0x00000000d6cdcf00) thrown at [C:\re\workspace\8-2-build-windows-amd64-cygwin\jdk8u66\5298\hotspot\src\share\vm\interpreter\linkResolver.cpp, line 582]
Event: 0.363 Thread 0x0000000005232800 Exception <a 'java/security/PrivilegedActionException'> (0x00000000d6e0a1a0) thrown at [C:\re\workspace\8-2-build-windows-amd64-cygwin\jdk8u66\5298\hotspot\src\share\vm\prims\jvm.cpp, line 1386]
Event: 0.363 Thread 0x0000000005232800 Exception <a 'java/security/PrivilegedActionException'> (0x00000000d6e0a598) thrown at [C:\re\workspace\8-2-build-windows-amd64-cygwin\jdk8u66\5298\hotspot\src\share\vm\prims\jvm.cpp, line 1386]
Event: 0.365 Thread 0x0000000005232800 Exception <a 'java/security/PrivilegedActionException'> (0x00000000d6e0e668) thrown at [C:\re\workspace\8-2-build-windows-amd64-cygwin\jdk8u66\5298\hotspot\src\share\vm\prims\jvm.cpp, line 1386]
Event: 0.365 Thread 0x0000000005232800 Exception <a 'java/security/PrivilegedActionException'> (0x00000000d6e0ea60) thrown at [C:\re\workspace\8-2-build-windows-amd64-cygwin\jdk8u66\5298\hotspot\src\share\vm\prims\jvm.cpp, line 1386]
Event: 0.604 Thread 0x0000000005232800 Exception <a 'sun/nio/fs/WindowsException'> (0x00000000d77cd808) thrown at [C:\re\workspace\8-2-build-windows-amd64-cygwin\jdk8u66\5298\hotspot\src\share\vm\prims\jni.cpp, line 709]

Events (10 events):
Event: 5351.011 Executing VM operation: ChangeBreakpoints
Event: 5351.011 Executing VM operation: ChangeBreakpoints done
Event: 5351.011 Executing VM operation: ChangeBreakpoints
Event: 5351.011 Executing VM operation: ChangeBreakpoints done
Event: 5351.013 Executing VM operation: ChangeBreakpoints
Event: 5351.014 Executing VM operation: ChangeBreakpoints done
Event: 5397.481 Executing VM operation: ChangeBreakpoints
Event: 5397.481 Executing VM operation: ChangeBreakpoints done
Event: 5475.685 Executing VM operation: RedefineClasses
Event: 5475.692 Executing VM operation: RedefineClasses done


Dynamic libraries:
0x00007ff6a3d30000 - 0x00007ff6a3d67000 	C:\Program Files\Java\jdk1.8.0_66\bin\java.exe
0x00007ff974b10000 - 0x00007ff974cf0000 	C:\WINDOWS\SYSTEM32\ntdll.dll
0x00007ff974a00000 - 0x00007ff974aae000 	C:\WINDOWS\System32\KERNEL32.DLL
0x00007ff971380000 - 0x00007ff9715e6000 	C:\WINDOWS\System32\KERNELBASE.dll
0x00007ff9745d0000 - 0x00007ff974671000 	C:\WINDOWS\System32\ADVAPI32.dll
0x00007ff973fc0000 - 0x00007ff97405d000 	C:\WINDOWS\System32\msvcrt.dll
0x00007ff9741d0000 - 0x00007ff97422b000 	C:\WINDOWS\System32\sechost.dll
0x00007ff973b00000 - 0x00007ff973c1f000 	C:\WINDOWS\System32\RPCRT4.dll
0x00007ff973e20000 - 0x00007ff973faf000 	C:\WINDOWS\System32\USER32.dll
0x00007ff9716a0000 - 0x00007ff9716c0000 	C:\WINDOWS\System32\win32u.dll
0x00007ff974ab0000 - 0x00007ff974ad8000 	C:\WINDOWS\System32\GDI32.dll
0x00007ff970f70000 - 0x00007ff971103000 	C:\WINDOWS\System32\gdi32full.dll
0x00007ff9712e0000 - 0x00007ff97137b000 	C:\WINDOWS\System32\msvcp_win.dll
0x00007ff971190000 - 0x00007ff971286000 	C:\WINDOWS\System32\ucrtbase.dll
0x00007ff95f610000 - 0x00007ff95f879000 	C:\WINDOWS\WinSxS\amd64_microsoft.windows.common-controls_6595b64144ccf1df_6.0.16299.125_none_15cbcf8893620c09\COMCTL32.dll
0x00007ff9746f0000 - 0x00007ff9749f8000 	C:\WINDOWS\System32\combase.dll
0x00007ff971110000 - 0x00007ff971182000 	C:\WINDOWS\System32\bcryptPrimitives.dll
0x00007ff973ad0000 - 0x00007ff973afd000 	C:\WINDOWS\System32\IMM32.DLL
0x0000000065990000 - 0x0000000065a62000 	C:\Program Files\Java\jdk1.8.0_66\jre\bin\msvcr100.dll
0x0000000065100000 - 0x0000000065989000 	C:\Program Files\Java\jdk1.8.0_66\jre\bin\server\jvm.dll
0x00007ff973fb0000 - 0x00007ff973fb8000 	C:\WINDOWS\System32\PSAPI.DLL
0x00007ff96ed00000 - 0x00007ff96ed09000 	C:\WINDOWS\SYSTEM32\WSOCK32.dll
0x00007ff96ca70000 - 0x00007ff96ca93000 	C:\WINDOWS\SYSTEM32\WINMM.dll
0x00007ff96b540000 - 0x00007ff96b54a000 	C:\WINDOWS\SYSTEM32\VERSION.dll
0x00007ff974560000 - 0x00007ff9745cc000 	C:\WINDOWS\System32\WS2_32.dll
0x00007ff96ca40000 - 0x00007ff96ca6a000 	C:\WINDOWS\SYSTEM32\winmmbase.dll
0x00007ff971290000 - 0x00007ff9712da000 	C:\WINDOWS\System32\cfgmgr32.dll
0x00000000650f0000 - 0x00000000650ff000 	C:\Program Files\Java\jdk1.8.0_66\jre\bin\verify.dll
0x00000000650c0000 - 0x00000000650e9000 	C:\Program Files\Java\jdk1.8.0_66\jre\bin\java.dll
0x0000000065080000 - 0x00000000650b5000 	C:\Program Files\Java\jdk1.8.0_66\jre\bin\jdwp.dll
0x0000000065070000 - 0x0000000065078000 	C:\Program Files\Java\jdk1.8.0_66\jre\bin\npt.dll
0x0000000065050000 - 0x0000000065066000 	C:\Program Files\Java\jdk1.8.0_66\jre\bin\zip.dll
0x00007ff9725f0000 - 0x00007ff973a26000 	C:\WINDOWS\System32\SHELL32.dll
0x00007ff974230000 - 0x00007ff9742d6000 	C:\WINDOWS\System32\shcore.dll
0x00007ff971890000 - 0x00007ff971fd7000 	C:\WINDOWS\System32\windows.storage.dll
0x00007ff973c20000 - 0x00007ff973c71000 	C:\WINDOWS\System32\shlwapi.dll
0x00007ff970ef0000 - 0x00007ff970f01000 	C:\WINDOWS\System32\kernel.appcore.dll
0x00007ff970e60000 - 0x00007ff970eac000 	C:\WINDOWS\System32\powrprof.dll
0x00007ff970eb0000 - 0x00007ff970ecb000 	C:\WINDOWS\System32\profapi.dll
0x0000000065040000 - 0x0000000065049000 	C:\Program Files\Java\jdk1.8.0_66\jre\bin\dt_socket.dll
0x00007ff9706f0000 - 0x00007ff970756000 	C:\WINDOWS\system32\mswsock.dll
0x0000000065020000 - 0x000000006503a000 	C:\Program Files\Java\jdk1.8.0_66\jre\bin\net.dll
0x0000000065000000 - 0x0000000065011000 	C:\Program Files\Java\jdk1.8.0_66\jre\bin\nio.dll
0x0000000064ff0000 - 0x0000000064ffd000 	C:\Program Files\Java\jdk1.8.0_66\jre\bin\management.dll
0x00007ff96b160000 - 0x00007ff96b328000 	C:\WINDOWS\SYSTEM32\dbghelp.dll

VM Arguments:
jvm_args: -agentlib:jdwp=transport=dt_socket,address=127.0.0.1:51186,suspend=y,server=n -Dfile.encoding=UTF-8 
java_command: com.daria.programmingTechnology.Main
java_class_path (initial): C:\Program Files\Java\jdk1.8.0_66\jre\lib\charsets.jar;C:\Program Files\Java\jdk1.8.0_66\jre\lib\deploy.jar;C:\Program Files\Java\jdk1.8.0_66\jre\lib\ext\access-bridge-64.jar;C:\Program Files\Java\jdk1.8.0_66\jre\lib\ext\cldrdata.jar;C:\Program Files\Java\jdk1.8.0_66\jre\lib\ext\dnsns.jar;C:\Program Files\Java\jdk1.8.0_66\jre\lib\ext\jaccess.jar;C:\Program Files\Java\jdk1.8.0_66\jre\lib\ext\jfxrt.jar;C:\Program Files\Java\jdk1.8.0_66\jre\lib\ext\localedata.jar;C:\Program Files\Java\jdk1.8.0_66\jre\lib\ext\nashorn.jar;C:\Program Files\Java\jdk1.8.0_66\jre\lib\ext\sunec.jar;C:\Program Files\Java\jdk1.8.0_66\jre\lib\ext\sunjce_provider.jar;C:\Program Files\Java\jdk1.8.0_66\jre\lib\ext\sunmscapi.jar;C:\Program Files\Java\jdk1.8.0_66\jre\lib\ext\sunpkcs11.jar;C:\Program Files\Java\jdk1.8.0_66\jre\lib\ext\zipfs.jar;C:\Program Files\Java\jdk1.8.0_66\jre\lib\javaws.jar;C:\Program Files\Java\jdk1.8.0_66\jre\lib\jce.jar;C:\Program Files\Java\jdk1.8.0_66\jre\lib\jfr.jar;C:\Program Files\Java\jdk1.8.0_66\jre\lib\jfxswt.jar;C:\Program Files\Java\jdk1.8.0_66\jre\lib\jsse.jar;C:\Program Files\Java\jdk1.8.0_66\jre\lib\management-agent.jar;C:\Program Files\Java\jdk1.8.0_66\jre\lib\plugin.jar;C:\Program Files\Java\jdk1.8.0_66\jre\lib\resources.jar;C:\Program Files\Java\jdk1.8.0_66\jre\lib\rt.jar;C:\Users\Daria\programmingTechnology\out\production\programmingTechnology;C:\Users\Daria\programmingTechnology\jsoup-1.11.2.jar;D:\Downloads\lucene-7.2.0\lucene-7.2.0\core\lucene-core-7.2.0.jar;D:\Downloads\lucene-7.2.0\lucene-7.2.0\analysis\common\lucene-analyzers-common-7.2.0.jar;D:\Downloads\lucene-7.2.0\lucene-7.2.0\queryparser\lucene-queryparser-7.2.0.jar;C:\Program Files (x86)\JetBrains\IntelliJ IDEA Community Edition 15.0.1\lib\idea_rt.jar
Launcher Type: SUN_STANDARD

Environment Variables:
PATH=C:\ProgramData\Oracle\Java\javapath;C:\WINDOWS\system32;C:\WINDOWS;C:\WINDOWS\System32\Wbem;C:\WINDOWS\System32\WindowsPowerShell\v1.0\;C:\Program Files (x86)\Microsoft SQL Server\100\Tools\Binn\;C:\Program Files\Microsoft SQL Server\100\Tools\Binn\;C:\Program Files\Microsoft SQL Server\100\DTS\Binn\;C:\WINDOWS\system32\config\systemprofile\.dnx\bin;C:\Program Files\Microsoft DNX\Dnvm\;C:\Program Files\Microsoft SQL Server\120\Tools\Binn\;C:\Program Files\Microsoft SQL Server\130\Tools\Binn\;C:\Program Files (x86)\Windows Kits\8.1\Windows Performance Toolkit\;C:\Program Files\Git\cmd;C:\Program Files (x86)\Skype\Phone\;D:\MatLab\runtime\win64;D:\MatLab\bin;D:\MatLab\polyspace\bin;C:\Program Files\dotnet\;C:\Users\Daria\AppData\Local\Microsoft\WindowsApps;
USERNAME=Daria
OS=Windows_NT
PROCESSOR_IDENTIFIER=Intel64 Family 6 Model 60 Stepping 3, GenuineIntel



---------------  S Y S T E M  ---------------

OS: Windows 10.0 , 64 bit Build 16299 (10.0.16299.15)

CPU:total 8 (4 cores per cpu, 2 threads per core) family 6 model 60 stepping 3, cmov, cx8, fxsr, mmx, sse, sse2, sse3, ssse3, sse4.1, sse4.2, popcnt, avx, avx2, aes, clmul, erms, lzcnt, ht, tsc, tscinvbit, bmi1, bmi2

Memory: 4k page, physical 8269996k(1229752k free), swap 16658604k(4050840k free)

vm_info: Java HotSpot(TM) 64-Bit Server VM (25.66-b18) for windows-amd64 JRE (1.8.0_66-b18), built on Nov  9 2015 10:51:13 by "java_re" with MS VC++ 10.0 (VS2010)

time: Thu Feb 01 02:50:32 2018
elapsed time: 5475 seconds (0d 1h 31m 15s)

